<?xml version="1.0" encoding="UTF-8"?>
<!-- Generated by org.testng.reporters.JUnitReportReporter -->
<testsuite hostname="LAPTOP-NTS4RUNU" failures="0" tests="1" name="TestCases.Login_Testcase" time="5.888" errors="0" timestamp="2025-08-13T13:42:51 IST" skipped="0">
  <testcase classname="TestCases.Login_Testcase" name="LoginTestCase" time="5.888"/>
</testsuite> <!-- TestCases.Login_Testcase -->
