<?xml version="1.0" encoding="UTF-8"?>
<!-- Generated by org.testng.reporters.JUnitReportReporter -->
<testsuite hostname="LAPTOP-NTS4RUNU" failures="0" tests="1" name="TestCases.Search_Testcase" time="109.461" errors="0" timestamp="2025-08-13T17:17:45 IST" skipped="0">
  <testcase classname="TestCases.Search_Testcase" name="LoginTestCase" time="109.461"/>
</testsuite> <!-- TestCases.Search_Testcase -->
